<?xml version="1.0" encoding="UTF-8" ?>
<testsuite tests="5" failures="5" name="de.klemp.middleware.controller.ControllerTest" time="1.56" errors="0" skipped="0">
  <properties>
[...]
</properties>
  <testcase classname="de.klemp.middleware.controller.ControllerTest" name="controllerToList" time="0.016">
    <failure message="Test not implemented" type="java.lang.RuntimeException">java.lang.RuntimeException: Test not implemented
	at de.klemp.middleware.controller.ControllerTest.controllerToList(ControllerTest.java:10)
</failure>
    <system-out>Configuring TestNG with: org.apache.maven.surefire.testng.conf.TestNG652Configurator@6d9c638
</system-out>
  </testcase>
  <testcase classname="de.klemp.middleware.controller.ControllerTest" name="createDBConnection" time="0">
    <failure message="Test not implemented" type="java.lang.RuntimeException">java.lang.RuntimeException: Test not implemented
	at de.klemp.middleware.controller.ControllerTest.createDBConnection(ControllerTest.java:15)
</failure>
  </testcase>
  <testcase classname="de.klemp.middleware.controller.ControllerTest" name="init" time="0">
    <failure message="Test not implemented" type="java.lang.RuntimeException">java.lang.RuntimeException: Test not implemented
	at de.klemp.middleware.controller.ControllerTest.init(ControllerTest.java:20)
</failure>
  </testcase>
  <testcase classname="de.klemp.middleware.controller.ControllerTest" name="searchMethods" time="0">
    <failure message="Test not implemented" type="java.lang.RuntimeException">java.lang.RuntimeException: Test not implemented
	at de.klemp.middleware.controller.ControllerTest.searchMethods(ControllerTest.java:25)
</failure>
  </testcase>
  <testcase classname="de.klemp.middleware.controller.ControllerTest" name="start" time="1.544">
    <failure type="java.lang.NullPointerException">java.lang.NullPointerException
	at de.klemp.middleware.controller.Controller.controllerToList(Controller.java:1042)
	at de.klemp.middleware.controller.Controller.start(Controller.java:515)
	at de.klemp.middleware.controller.ControllerTest.start(ControllerTest.java:30)
</failure>
    <system-out>2014-10-14 22:17:43,261 ERROR [main] de.klemp.middleware.controller.Controller: Could not create a database connection
java.lang.ClassNotFoundException: org.postgresql.Driver
	at java.net.URLClassLoader$1.run(URLClassLoader.java:372)
	at java.net.URLClassLoader$1.run(URLClassLoader.java:361)
	at java.security.AccessController.doPrivileged(Native Method)
	at java.net.URLClassLoader.findClass(URLClassLoader.java:360)
	at java.lang.ClassLoader.loadClass(ClassLoader.java:424)
	at sun.misc.Launcher$AppClassLoader.loadClass(Launcher.java:308)
	at java.lang.ClassLoader.loadClass(ClassLoader.java:357)
	at java.lang.Class.forName0(Native Method)
	at java.lang.Class.forName(Class.java:259)
	at de.klemp.middleware.controller.Controller.createDBConnection(Controller.java:1184)
	at de.klemp.middleware.controller.Controller.controllerToList(Controller.java:1040)
	at de.klemp.middleware.controller.Controller.start(Controller.java:515)
	at de.klemp.middleware.controller.ControllerTest.start(ControllerTest.java:30)
	at sun.reflect.NativeMethodAccessorImpl.invoke0(Native Method)
	at sun.reflect.NativeMethodAccessorImpl.invoke(NativeMethodAccessorImpl.java:62)
	at sun.reflect.DelegatingMethodAccessorImpl.invoke(DelegatingMethodAccessorImpl.java:43)
	at java.lang.reflect.Method.invoke(Method.java:483)
	at org.testng.internal.MethodInvocationHelper.invokeMethod(MethodInvocationHelper.java:84)
	at org.testng.internal.Invoker.invokeMethod(Invoker.java:714)
	at org.testng.internal.Invoker.invokeTestMethod(Invoker.java:901)
	at org.testng.internal.Invoker.invokeTestMethods(Invoker.java:1231)
	at org.testng.internal.TestMethodWorker.invokeTestMethods(TestMethodWorker.java:127)
	at org.testng.internal.TestMethodWorker.run(TestMethodWorker.java:111)
	at org.testng.TestRunner.privateRun(TestRunner.java:767)
	at org.testng.TestRunner.run(TestRunner.java:617)
	at org.testng.SuiteRunner.runTest(SuiteRunner.java:348)
	at org.testng.SuiteRunner.runSequentially(SuiteRunner.java:343)
	at org.testng.SuiteRunner.privateRun(SuiteRunner.java:305)
	at org.testng.SuiteRunner.run(SuiteRunner.java:254)
	at org.testng.SuiteRunnerWorker.runSuite(SuiteRunnerWorker.java:52)
	at org.testng.SuiteRunnerWorker.run(SuiteRunnerWorker.java:86)
	at org.testng.TestNG.runSuitesSequentially(TestNG.java:1224)
	at org.testng.TestNG.runSuitesLocally(TestNG.java:1149)
	at org.testng.TestNG.run(TestNG.java:1057)
	at org.apache.maven.surefire.testng.TestNGExecutor.run(TestNGExecutor.java:77)
	at org.apache.maven.surefire.testng.TestNGDirectoryTestSuite.execute(TestNGDirectoryTestSuite.java:110)
	at org.apache.maven.surefire.testng.TestNGProvider.invoke(TestNGProvider.java:106)
	at sun.reflect.NativeMethodAccessorImpl.invoke0(Native Method)
	at sun.reflect.NativeMethodAccessorImpl.invoke(NativeMethodAccessorImpl.java:62)
	at sun.reflect.DelegatingMethodAccessorImpl.invoke(DelegatingMethodAccessorImpl.java:43)
	at java.lang.reflect.Method.invoke(Method.java:483)
	at org.apache.maven.surefire.util.ReflectionUtils.invokeMethodWithArray(ReflectionUtils.java:189)
	at org.apache.maven.surefire.booter.ProviderFactory$ProviderProxy.invoke(ProviderFactory.java:165)
	at org.apache.maven.surefire.booter.ProviderFactory.invokeProvider(ProviderFactory.java:85)
	at org.apache.maven.surefire.booter.ForkedBooter.runSuitesInProcess(ForkedBooter.java:115)
	at org.apache.maven.surefire.booter.ForkedBooter.main(ForkedBooter.java:75)
</system-out>
  </testcase>
</testsuite>