<?xml version="1.0" encoding="UTF-8"?>
<!-- Generated by org.testng.reporters.JUnitXMLReporter -->
<testsuite hostname="barbados" name="Command line test" tests="5" failures="5" timestamp="14 Oct 2014 20:17:43 GMT" time="1.56" errors="0">
  <testcase name="controllerToList" time="0.016" classname="de.klemp.middleware.controller.ControllerTest">
    <failure type="java.lang.RuntimeException" message="Test not implemented">
      <![CDATA[java.lang.RuntimeException: Test not implemented
	at de.klemp.middleware.controller.ControllerTest.controllerToList(ControllerTest.java:10)
... Removed 33 stack frames]]>
    </failure>
  </testcase> <!-- controllerToList -->
  <testcase name="createDBConnection" time="0.0" classname="de.klemp.middleware.controller.ControllerTest">
    <failure type="java.lang.RuntimeException" message="Test not implemented">
      <![CDATA[java.lang.RuntimeException: Test not implemented
	at de.klemp.middleware.controller.ControllerTest.createDBConnection(ControllerTest.java:15)
... Removed 33 stack frames]]>
    </failure>
  </testcase> <!-- createDBConnection -->
  <testcase name="init" time="0.0" classname="de.klemp.middleware.controller.ControllerTest">
    <failure type="java.lang.RuntimeException" message="Test not implemented">
      <![CDATA[java.lang.RuntimeException: Test not implemented
	at de.klemp.middleware.controller.ControllerTest.init(ControllerTest.java:20)
... Removed 33 stack frames]]>
    </failure>
  </testcase> <!-- init -->
  <testcase name="searchMethods" time="0.0" classname="de.klemp.middleware.controller.ControllerTest">
    <failure type="java.lang.RuntimeException" message="Test not implemented">
      <![CDATA[java.lang.RuntimeException: Test not implemented
	at de.klemp.middleware.controller.ControllerTest.searchMethods(ControllerTest.java:25)
... Removed 33 stack frames]]>
    </failure>
  </testcase> <!-- searchMethods -->
  <testcase name="start" time="1.544" classname="de.klemp.middleware.controller.ControllerTest">
    <failure type="java.lang.NullPointerException">
      <![CDATA[java.lang.NullPointerException
	at de.klemp.middleware.controller.Controller.controllerToList(Controller.java:1042)
	at de.klemp.middleware.controller.Controller.start(Controller.java:515)
	at de.klemp.middleware.controller.ControllerTest.start(ControllerTest.java:30)
... Removed 33 stack frames]]>
    </failure>
  </testcase> <!-- start -->
</testsuite> <!-- Command line test -->
